<?xml version="1.0" encoding="UTF-8"?>
<testsuite xmlns:xsi="http://www.w3.org/2001/XMLSchema-instance" xsi:noNamespaceSchemaLocation="https://maven.apache.org/surefire/maven-surefire-plugin/xsd/surefire-test-report.xsd" name="neuralnetworktest.NeuralNetworkTest" time="0.021" tests="1" errors="1" skipped="0" failures="0">
  <properties>
    <property name="java.specification.version" value="23"/>
    <property name="sun.jnu.encoding" value="UTF-8"/>
    <property name="java.class.path" value="/home/archdam/Documents/CryptoIA/cryptoia/target/test-classes:/home/archdam/Documents/CryptoIA/cryptoia/target/classes:/home/archdam/.m2/repository/junit/junit/4.12/junit-4.12.jar:/home/archdam/.m2/repository/org/hamcrest/hamcrest-core/1.3/hamcrest-core-1.3.jar:/home/archdam/.m2/repository/org/junit/jupiter/junit-jupiter-engine/5.2.0/junit-jupiter-engine-5.2.0.jar:/home/archdam/.m2/repository/org/apiguardian/apiguardian-api/1.0.0/apiguardian-api-1.0.0.jar:/home/archdam/.m2/repository/org/junit/platform/junit-platform-engine/1.2.0/junit-platform-engine-1.2.0.jar:/home/archdam/.m2/repository/org/junit/platform/junit-platform-commons/1.2.0/junit-platform-commons-1.2.0.jar:/home/archdam/.m2/repository/org/opentest4j/opentest4j/1.1.0/opentest4j-1.1.0.jar:/home/archdam/.m2/repository/org/junit/jupiter/junit-jupiter-api/5.2.0/junit-jupiter-api-5.2.0.jar:/home/archdam/.m2/repository/org/junit/platform/junit-platform-runner/1.2.0/junit-platform-runner-1.2.0.jar:/home/archdam/.m2/repository/org/junit/platform/junit-platform-launcher/1.2.0/junit-platform-launcher-1.2.0.jar:/home/archdam/.m2/repository/org/junit/platform/junit-platform-suite-api/1.2.0/junit-platform-suite-api-1.2.0.jar:/home/archdam/.m2/repository/org/junit/jupiter/junit-jupiter-params/5.2.0/junit-jupiter-params-5.2.0.jar:"/>
    <property name="java.vm.vendor" value="Arch Linux"/>
    <property name="sun.arch.data.model" value="64"/>
    <property name="java.vendor.url" value="https://openjdk.org/"/>
    <property name="os.name" value="Linux"/>
    <property name="java.vm.specification.version" value="23"/>
    <property name="sun.java.launcher" value="SUN_STANDARD"/>
    <property name="user.country" value="FR"/>
    <property name="sun.boot.library.path" value="/usr/lib/jvm/java-23-openjdk/lib"/>
    <property name="sun.java.command" value="/home/archdam/Documents/CryptoIA/cryptoia/target/surefire/surefirebooter9481529989327488128.jar /home/archdam/Documents/CryptoIA/cryptoia/target/surefire 2024-12-09T15-18-46_133-jvmRun1 surefire7930159444647158084tmp surefire_02487787083570066224tmp"/>
    <property name="jdk.debug" value="release"/>
    <property name="surefire.test.class.path" value="/home/archdam/Documents/CryptoIA/cryptoia/target/test-classes:/home/archdam/Documents/CryptoIA/cryptoia/target/classes:/home/archdam/.m2/repository/junit/junit/4.12/junit-4.12.jar:/home/archdam/.m2/repository/org/hamcrest/hamcrest-core/1.3/hamcrest-core-1.3.jar:/home/archdam/.m2/repository/org/junit/jupiter/junit-jupiter-engine/5.2.0/junit-jupiter-engine-5.2.0.jar:/home/archdam/.m2/repository/org/apiguardian/apiguardian-api/1.0.0/apiguardian-api-1.0.0.jar:/home/archdam/.m2/repository/org/junit/platform/junit-platform-engine/1.2.0/junit-platform-engine-1.2.0.jar:/home/archdam/.m2/repository/org/junit/platform/junit-platform-commons/1.2.0/junit-platform-commons-1.2.0.jar:/home/archdam/.m2/repository/org/opentest4j/opentest4j/1.1.0/opentest4j-1.1.0.jar:/home/archdam/.m2/repository/org/junit/jupiter/junit-jupiter-api/5.2.0/junit-jupiter-api-5.2.0.jar:/home/archdam/.m2/repository/org/junit/platform/junit-platform-runner/1.2.0/junit-platform-runner-1.2.0.jar:/home/archdam/.m2/repository/org/junit/platform/junit-platform-launcher/1.2.0/junit-platform-launcher-1.2.0.jar:/home/archdam/.m2/repository/org/junit/platform/junit-platform-suite-api/1.2.0/junit-platform-suite-api-1.2.0.jar:/home/archdam/.m2/repository/org/junit/jupiter/junit-jupiter-params/5.2.0/junit-jupiter-params-5.2.0.jar:"/>
    <property name="sun.cpu.endian" value="little"/>
    <property name="user.home" value="/home/archdam"/>
    <property name="user.language" value="fr"/>
    <property name="java.specification.vendor" value="Oracle Corporation"/>
    <property name="java.version.date" value="2024-09-17"/>
    <property name="java.home" value="/usr/lib/jvm/java-23-openjdk"/>
    <property name="file.separator" value="/"/>
    <property name="basedir" value="/home/archdam/Documents/CryptoIA/cryptoia"/>
    <property name="java.vm.compressedOopsMode" value="Zero based"/>
    <property name="line.separator" value="&#10;"/>
    <property name="java.specification.name" value="Java Platform API Specification"/>
    <property name="java.vm.specification.vendor" value="Oracle Corporation"/>
    <property name="surefire.real.class.path" value="/home/archdam/Documents/CryptoIA/cryptoia/target/surefire/surefirebooter9481529989327488128.jar"/>
    <property name="sun.management.compiler" value="HotSpot 64-Bit Tiered Compilers"/>
    <property name="java.runtime.version" value="23"/>
    <property name="user.name" value="archdam"/>
    <property name="stdout.encoding" value="UTF-8"/>
    <property name="path.separator" value=":"/>
    <property name="os.version" value="6.11.6-arch1-1"/>
    <property name="java.runtime.name" value="OpenJDK Runtime Environment"/>
    <property name="file.encoding" value="UTF-8"/>
    <property name="java.vm.name" value="OpenJDK 64-Bit Server VM"/>
    <property name="localRepository" value="/home/archdam/.m2/repository"/>
    <property name="java.vendor.url.bug" value="https://bugreport.java.com/bugreport/"/>
    <property name="java.io.tmpdir" value="/tmp"/>
    <property name="java.version" value="23"/>
    <property name="user.dir" value="/home/archdam/Documents/CryptoIA/cryptoia"/>
    <property name="os.arch" value="amd64"/>
    <property name="java.vm.specification.name" value="Java Virtual Machine Specification"/>
    <property name="native.encoding" value="UTF-8"/>
    <property name="java.library.path" value="/usr/java/packages/lib:/usr/lib64:/lib64:/lib:/usr/lib"/>
    <property name="java.vm.info" value="mixed mode, sharing"/>
    <property name="stderr.encoding" value="UTF-8"/>
    <property name="java.vendor" value="Arch Linux"/>
    <property name="java.vm.version" value="23"/>
    <property name="sun.io.unicode.encoding" value="UnicodeLittle"/>
    <property name="java.class.version" value="67.0"/>
  </properties>
  <testcase name="testLearning" classname="neuralnetworktest.NeuralNetworkTest" time="0.019">
    <error message="Index -1 out of bounds for length 3" type="java.lang.IndexOutOfBoundsException">java.lang.IndexOutOfBoundsException: Index -1 out of bounds for length 3
	at neuralnetworktest.NeuralNetworkTest.testLearning(NeuralNetworkTest.java:37)
</error>
  </testcase>
</testsuite>